{"Time":"2023-03-30 13:43:43","Level":"INFO","Path":"D:/project/goori/app/http/service.go:53","Name":"[NONE]","Content":"正常启动-[监听信号]"}
{"Time":"2023-03-30 13:43:46","Level":"INFO","Path":"D:/project/goori/app/http/service.go:73","Name":"[NONE]","Content":"http服务退出"}
{"Time":"2023-03-30 13:43:46","Level":"INFO","Path":"D:/project/goori/core/oriMonitor/monitor.go:33","Name":"[NONE]","Content":"监控服务退出"}
{"Time":"2023-03-30 13:43:46","Level":"INFO","Path":"D:/project/goori/core/oriSignal/signal.go:16","Name":"[NONE]","Content":"立刻退出程序。信号:[interrupt]"}
{"Time":"2023-03-30 14:14:22","Level":"INFO","Path":"D:/project/goori/core/oriMonitor/monitor.go:33","Name":"[NONE]","Content":"监控服务退出"}
{"Time":"2023-03-30 14:14:22","Level":"INFO","Path":"D:/project/goori/core/oriSignal/signal.go:16","Name":"[NONE]","Content":"立刻退出程序。信号:[interrupt]"}
{"Time":"2023-03-30 14:22:12","Level":"INFO","Path":"D:/project/goori/core/oriMonitor/monitor.go:33","Name":"[NONE]","Content":"监控服务退出"}
{"Time":"2023-03-30 14:22:12","Level":"INFO","Path":"D:/project/goori/core/oriSignal/signal.go:16","Name":"[NONE]","Content":"立刻退出程序。信号:[interrupt]"}
{"Time":"2023-03-30 14:22:19","Level":"INFO","Path":"D:/project/goori/core/oriMonitor/monitor.go:33","Name":"[NONE]","Content":"监控服务退出"}
{"Time":"2023-03-30 14:22:19","Level":"INFO","Path":"D:/project/goori/core/oriSignal/signal.go:16","Name":"[NONE]","Content":"立刻退出程序。信号:[interrupt]"}
{"Time":"2023-03-30 14:22:36","Level":"INFO","Path":"D:/project/goori/core/oriMonitor/monitor.go:33","Name":"[NONE]","Content":"监控服务退出"}
{"Time":"2023-03-30 14:22:36","Level":"INFO","Path":"D:/project/goori/core/oriSignal/signal.go:16","Name":"[NONE]","Content":"立刻退出程序。信号:[interrupt]"}
{"Time":"2023-03-30 14:23:06","Level":"INFO","Path":"D:/project/goori/core/oriMonitor/monitor.go:33","Name":"[NONE]","Content":"监控服务退出"}
{"Time":"2023-03-30 14:23:06","Level":"INFO","Path":"D:/project/goori/core/oriSignal/signal.go:16","Name":"[NONE]","Content":"立刻退出程序。信号:[interrupt]"}
{"Time":"2023-03-30 14:23:20","Level":"INFO","Path":"D:/project/goori/core/oriMonitor/monitor.go:33","Name":"[NONE]","Content":"监控服务退出"}
{"Time":"2023-03-30 14:23:20","Level":"INFO","Path":"D:/project/goori/core/oriSignal/signal.go:16","Name":"[NONE]","Content":"立刻退出程序。信号:[interrupt]"}
{"Time":"2023-03-30 14:23:30","Level":"INFO","Path":"D:/project/goori/core/oriMonitor/monitor.go:33","Name":"[NONE]","Content":"监控服务退出"}
{"Time":"2023-03-30 14:23:30","Level":"INFO","Path":"D:/project/goori/core/oriSignal/signal.go:16","Name":"[NONE]","Content":"立刻退出程序。信号:[interrupt]"}
{"Time":"2023-03-30 14:23:43","Level":"INFO","Path":"D:/project/goori/core/oriMonitor/monitor.go:33","Name":"[NONE]","Content":"监控服务退出"}
{"Time":"2023-03-30 14:23:43","Level":"INFO","Path":"D:/project/goori/core/oriSignal/signal.go:16","Name":"[NONE]","Content":"立刻退出程序。信号:[interrupt]"}
{"Time":"2023-03-30 14:24:49","Level":"INFO","Path":"D:/project/goori/app/http/service.go:53","Name":"[NONE]","Content":"正常启动-[监听信号]"}
{"Time":"2023-03-30 14:24:51","Level":"INFO","Path":"D:/project/goori/core/oriMonitor/monitor.go:33","Name":"[NONE]","Content":"监控服务退出"}
{"Time":"2023-03-30 14:24:51","Level":"INFO","Path":"D:/project/goori/app/http/service.go:73","Name":"[NONE]","Content":"http服务退出"}
{"Time":"2023-03-30 14:24:51","Level":"INFO","Path":"D:/project/goori/core/oriSignal/signal.go:16","Name":"[NONE]","Content":"立刻退出程序。信号:[interrupt]"}
{"Time":"2023-03-30 14:24:57","Level":"INFO","Path":"D:/project/goori/core/oriMonitor/monitor.go:33","Name":"[NONE]","Content":"监控服务退出"}
{"Time":"2023-03-30 14:24:57","Level":"INFO","Path":"D:/project/goori/core/oriSignal/signal.go:16","Name":"[NONE]","Content":"立刻退出程序。信号:[interrupt]"}
{"Time":"2023-03-30 14:25:57","Level":"INFO","Path":"D:/project/goori/core/oriMonitor/monitor.go:33","Name":"[NONE]","Content":"监控服务退出"}
{"Time":"2023-03-30 14:25:57","Level":"INFO","Path":"D:/project/goori/core/oriSignal/signal.go:16","Name":"[NONE]","Content":"立刻退出程序。信号:[interrupt]"}
{"Time":"2023-03-30 14:26:02","Level":"INFO","Path":"D:/project/goori/core/oriMonitor/monitor.go:33","Name":"[NONE]","Content":"监控服务退出"}
{"Time":"2023-03-30 14:26:02","Level":"INFO","Path":"D:/project/goori/core/oriSignal/signal.go:16","Name":"[NONE]","Content":"立刻退出程序。信号:[interrupt]"}
{"Time":"2023-03-30 14:26:14","Level":"INFO","Path":"D:/project/goori/core/oriMonitor/monitor.go:33","Name":"[NONE]","Content":"监控服务退出"}
{"Time":"2023-03-30 14:26:14","Level":"INFO","Path":"D:/project/goori/core/oriSignal/signal.go:16","Name":"[NONE]","Content":"立刻退出程序。信号:[interrupt]"}
{"Time":"2023-03-30 14:26:27","Level":"INFO","Path":"D:/project/goori/core/oriMonitor/monitor.go:33","Name":"[NONE]","Content":"监控服务退出"}
{"Time":"2023-03-30 14:26:27","Level":"INFO","Path":"D:/project/goori/core/oriSignal/signal.go:16","Name":"[NONE]","Content":"立刻退出程序。信号:[interrupt]"}
{"Time":"2023-03-30 14:26:46","Level":"INFO","Path":"D:/project/goori/app/http/service.go:53","Name":"[NONE]","Content":"正常启动-[监听信号]"}
{"Time":"2023-03-30 14:26:48","Level":"INFO","Path":"D:/project/goori/app/http/service.go:73","Name":"[NONE]","Content":"http服务退出"}
{"Time":"2023-03-30 14:26:48","Level":"INFO","Path":"D:/project/goori/core/oriMonitor/monitor.go:33","Name":"[NONE]","Content":"监控服务退出"}
{"Time":"2023-03-30 14:26:48","Level":"INFO","Path":"D:/project/goori/core/oriSignal/signal.go:16","Name":"[NONE]","Content":"立刻退出程序。信号:[interrupt]"}
{"Time":"2023-03-30 14:27:04","Level":"INFO","Path":"D:/project/goori/core/oriMonitor/monitor.go:33","Name":"[NONE]","Content":"监控服务退出"}
{"Time":"2023-03-30 14:27:04","Level":"INFO","Path":"D:/project/goori/core/oriSignal/signal.go:16","Name":"[NONE]","Content":"立刻退出程序。信号:[interrupt]"}
{"Time":"2023-03-30 14:27:21","Level":"INFO","Path":"D:/project/goori/core/oriMonitor/monitor.go:33","Name":"[NONE]","Content":"监控服务退出"}
{"Time":"2023-03-30 14:27:21","Level":"INFO","Path":"D:/project/goori/core/oriSignal/signal.go:16","Name":"[NONE]","Content":"立刻退出程序。信号:[interrupt]"}
{"Time":"2023-03-30 14:27:27","Level":"INFO","Path":"D:/project/goori/core/oriMonitor/monitor.go:33","Name":"[NONE]","Content":"监控服务退出"}
{"Time":"2023-03-30 14:27:27","Level":"INFO","Path":"D:/project/goori/core/oriSignal/signal.go:16","Name":"[NONE]","Content":"立刻退出程序。信号:[interrupt]"}
{"Time":"2023-03-30 14:27:33","Level":"INFO","Path":"D:/project/goori/core/oriMonitor/monitor.go:33","Name":"[NONE]","Content":"监控服务退出"}
{"Time":"2023-03-30 14:27:33","Level":"INFO","Path":"D:/project/goori/core/oriSignal/signal.go:16","Name":"[NONE]","Content":"立刻退出程序。信号:[interrupt]"}
{"Time":"2023-03-30 14:27:40","Level":"INFO","Path":"D:/project/goori/app/http/service.go:53","Name":"[NONE]","Content":"正常启动-[监听信号]"}
{"Time":"2023-03-30 14:27:42","Level":"INFO","Path":"D:/project/goori/app/http/service.go:73","Name":"[NONE]","Content":"http服务退出"}
{"Time":"2023-03-30 14:27:42","Level":"INFO","Path":"D:/project/goori/core/oriMonitor/monitor.go:33","Name":"[NONE]","Content":"监控服务退出"}
{"Time":"2023-03-30 14:27:42","Level":"INFO","Path":"D:/project/goori/core/oriSignal/signal.go:16","Name":"[NONE]","Content":"立刻退出程序。信号:[interrupt]"}
{"Time":"2023-04-03 17:05:46","Level":"INFO","Path":"D:/project/goori/app/http/service.go:53","Name":"[NONE]","Content":"正常启动-[监听信号]"}
{"Time":"2023-04-03 17:05:50","Level":"INFO","Path":"D:/project/goori/core/oriMonitor/monitor.go:43","Name":"[NONE]","Content":"{Content:【ori】[ip:172.24.128.1]\r\n内存使用率:51.00 MentionedList:[] MentionedMobileList:[]}"}
{"Time":"2023-04-03 17:05:53","Level":"INFO","Path":"D:/project/goori/core/oriMonitor/monitor.go:33","Name":"[NONE]","Content":"监控服务退出"}
{"Time":"2023-04-03 17:05:53","Level":"INFO","Path":"D:/project/goori/app/http/service.go:73","Name":"[NONE]","Content":"http服务退出"}
{"Time":"2023-04-03 17:05:53","Level":"INFO","Path":"D:/project/goori/core/oriSignal/signal.go:16","Name":"[NONE]","Content":"立刻退出程序。信号:[interrupt]"}
{"Time":"2023-04-03 17:06:11","Level":"INFO","Path":"D:/project/goori/core/oriMonitor/monitor.go:43","Name":"[NONE]","Content":"{Content:【ori】[ip:172.24.128.1]\r\n内存使用率:51.00 MentionedList:[] MentionedMobileList:[]}"}
{"Time":"2023-04-03 17:06:28","Level":"INFO","Path":"D:/project/goori/core/oriMonitor/monitor.go:33","Name":"[NONE]","Content":"监控服务退出"}
{"Time":"2023-04-03 17:06:28","Level":"INFO","Path":"D:/project/goori/core/oriSignal/signal.go:16","Name":"[NONE]","Content":"立刻退出程序。信号:[interrupt]"}
{"Time":"2023-04-03 17:06:48","Level":"INFO","Path":"D:/project/goori/core/oriMonitor/monitor.go:33","Name":"[NONE]","Content":"监控服务退出"}
{"Time":"2023-04-03 17:06:48","Level":"INFO","Path":"D:/project/goori/core/oriSignal/signal.go:16","Name":"[NONE]","Content":"立刻退出程序。信号:[interrupt]"}
{"Time":"2023-04-04 09:44:12","Level":"INFO","Path":"D:/project/goori/app/http/service.go:53","Name":"[NONE]","Content":"正常启动-[监听信号]"}
{"Time":"2023-04-04 09:45:26","Level":"INFO","Path":"D:/project/goori/core/oriMonitor/monitor.go:33","Name":"[NONE]","Content":"监控服务退出"}
{"Time":"2023-04-04 09:45:26","Level":"INFO","Path":"D:/project/goori/app/http/service.go:73","Name":"[NONE]","Content":"http服务退出"}
{"Time":"2023-04-04 09:45:26","Level":"INFO","Path":"D:/project/goori/core/oriSignal/signal.go:16","Name":"[NONE]","Content":"立刻退出程序。信号:[interrupt]"}
{"Time":"2023-04-04 09:45:29","Level":"EROR","Path":"D:/project/goori/internal/service/start.go:19","Name":"[NONE]","Content":"服务不存在:data1"}
{"Time":"2023-04-04 09:45:29","Level":"INFO","Path":"D:/project/goori/app/http/service.go:53","Name":"[NONE]","Content":"正常启动-[监听信号]"}
{"Time":"2023-04-04 09:45:37","Level":"INFO","Path":"D:/project/goori/app/http/service.go:73","Name":"[NONE]","Content":"http服务退出"}
{"Time":"2023-04-04 09:45:37","Level":"INFO","Path":"D:/project/goori/core/oriMonitor/monitor.go:33","Name":"[NONE]","Content":"监控服务退出"}
{"Time":"2023-04-04 09:45:37","Level":"INFO","Path":"D:/project/goori/core/oriSignal/signal.go:16","Name":"[NONE]","Content":"立刻退出程序。信号:[interrupt]"}
{"Time":"2023-04-06 09:47:06","Level":"INFO","Path":"D:/project/goori/core/oriMonitor/monitor.go:33","Name":"[NONE]","Content":"监控服务退出"}
{"Time":"2023-04-06 09:47:06","Level":"INFO","Path":"D:/project/goori/core/oriSignal/signal.go:16","Name":"[NONE]","Content":"立刻退出程序。信号:[interrupt]"}
{"Time":"2023-04-14 09:13:10","Level":"INFO","Path":"D:/project/goori/app/http/service.go:53","Name":"[NONE]","Content":"正常启动-[监听信号]"}
{"Time":"2023-04-14 10:03:32","Level":"INFO","Path":"D:/project/goori/core/oriMonitor/monitor.go:43","Name":"[NONE]","Content":"{Content:【ori】[ip:172.24.64.1]\r\n内存使用率:56.00 MentionedList:[] MentionedMobileList:[]}"}
{"Time":"2023-04-14 11:25:12","Level":"INFO","Path":"D:/project/goori/app/http/service.go:73","Name":"[NONE]","Content":"http服务退出"}
{"Time":"2023-04-14 11:25:12","Level":"INFO","Path":"D:/project/goori/core/oriMonitor/monitor.go:33","Name":"[NONE]","Content":"监控服务退出"}
{"Time":"2023-04-14 11:25:12","Level":"INFO","Path":"D:/project/goori/core/oriSignal/signal.go:16","Name":"[NONE]","Content":"立刻退出程序。信号:[interrupt]"}
{"Time":"2023-04-14 11:25:26","Level":"INFO","Path":"D:/project/goori/app/http/service.go:53","Name":"[NONE]","Content":"正常启动-[监听信号]"}
{"Time":"2023-04-14 11:25:28","Level":"INFO","Path":"D:/project/goori/app/http/service.go:73","Name":"[NONE]","Content":"http服务退出"}
{"Time":"2023-04-14 11:25:28","Level":"INFO","Path":"D:/project/goori/core/oriMonitor/monitor.go:34","Name":"[NONE]","Content":"监控服务退出"}
{"Time":"2023-04-14 11:25:28","Level":"INFO","Path":"D:/project/goori/core/oriSignal/signal.go:16","Name":"[NONE]","Content":"立刻退出程序。信号:[interrupt]"}
{"Time":"2023-04-14 11:33:15","Level":"INFO","Path":"D:/project/goori/app/http/service.go:53","Name":"[NONE]","Content":"正常启动-[监听信号]"}
{"Time":"2023-04-14 11:33:17","Level":"INFO","Path":"D:/project/goori/app/http/service.go:73","Name":"[NONE]","Content":"http服务退出"}
{"Time":"2023-04-14 11:33:17","Level":"INFO","Path":"D:/project/goori/core/oriMonitor/monitor.go:34","Name":"[NONE]","Content":"监控服务退出"}
{"Time":"2023-04-14 11:33:17","Level":"INFO","Path":"D:/project/goori/core/oriSignal/signal.go:16","Name":"[NONE]","Content":"立刻退出程序。信号:[interrupt]"}
{"Time":"2023-04-18 16:50:32","Level":"INFO","Path":"D:/project/goori/app/http/service.go:53","Name":"[NONE]","Content":"正常启动-[监听信号]"}
{"Time":"2023-04-18 16:50:36","Level":"INFO","Path":"D:/project/goori/app/http/service.go:73","Name":"[NONE]","Content":"http服务退出"}
{"Time":"2023-04-18 16:50:36","Level":"INFO","Path":"D:/project/goori/core/oriMonitor/monitor.go:34","Name":"[NONE]","Content":"监控服务退出"}
{"Time":"2023-04-18 16:50:36","Level":"INFO","Path":"D:/project/goori/core/oriSignal/signal.go:16","Name":"[NONE]","Content":"立刻退出程序。信号:[interrupt]"}
{"Time":"2023-04-18 16:51:56","Level":"INFO","Path":"D:/project/goori/app/http/service.go:53","Name":"[NONE]","Content":"正常启动-[监听信号]"}
{"Time":"2023-04-18 16:51:58","Level":"INFO","Path":"D:/project/goori/app/http/service.go:73","Name":"[NONE]","Content":"http服务退出"}
{"Time":"2023-04-18 16:51:58","Level":"INFO","Path":"D:/project/goori/core/oriMonitor/monitor.go:34","Name":"[NONE]","Content":"监控服务退出"}
{"Time":"2023-04-18 16:51:58","Level":"INFO","Path":"D:/project/goori/core/oriSignal/signal.go:16","Name":"[NONE]","Content":"立刻退出程序。信号:[interrupt]"}
{"Time":"2023-04-18 16:54:18","Level":"INFO","Path":"D:/project/goori/app/http/service.go:53","Name":"[NONE]","Content":"正常启动-[监听信号]"}
{"Time":"2023-04-18 16:54:21","Level":"INFO","Path":"D:/project/goori/app/http/service.go:73","Name":"[NONE]","Content":"http服务退出"}
{"Time":"2023-04-18 16:54:21","Level":"INFO","Path":"D:/project/goori/core/oriMonitor/monitor.go:34","Name":"[NONE]","Content":"监控服务退出"}
{"Time":"2023-04-18 16:54:21","Level":"INFO","Path":"D:/project/goori/core/oriSignal/signal.go:16","Name":"[NONE]","Content":"立刻退出程序。信号:[interrupt]"}
{"Time":"2023-04-23 14:44:42","Level":"INFO","Path":"D:/project/goori/app/http/service.go:53","Name":"[NONE]","Content":"正常启动-[监听信号]"}
{"Time":"2023-04-23 14:44:57","Level":"INFO","Path":"D:/project/goori/app/http/service.go:53","Name":"[NONE]","Content":"正常启动-[监听信号]"}
{"Time":"2023-04-23 14:45:01","Level":"INFO","Path":"D:/project/goori/core/oriMonitor/monitor.go:44","Name":"[NONE]","Content":"{Content:【ori】[ip:172.24.64.1]\r\n内存使用率:64.00 MentionedList:[] MentionedMobileList:[]}"}
{"Time":"2023-04-23 14:45:02","Level":"INFO","Path":"D:/project/goori/app/http/service.go:73","Name":"[NONE]","Content":"http服务退出"}
{"Time":"2023-04-23 14:45:02","Level":"INFO","Path":"D:/project/goori/core/oriMonitor/monitor.go:34","Name":"[NONE]","Content":"监控服务退出"}
{"Time":"2023-04-23 14:45:02","Level":"INFO","Path":"D:/project/goori/core/oriSignal/signal.go:16","Name":"[NONE]","Content":"立刻退出程序。信号:[interrupt]"}
{"Time":"2023-04-23 14:45:16","Level":"INFO","Path":"D:/project/goori/core/oriMonitor/monitor.go:44","Name":"[NONE]","Content":"{Content:【ori】[ip:172.24.64.1]\r\n内存使用率:64.00 MentionedList:[] MentionedMobileList:[]}"}
{"Time":"2023-04-23 14:45:22","Level":"INFO","Path":"D:/project/goori/core/oriMonitor/monitor.go:34","Name":"[NONE]","Content":"监控服务退出"}
{"Time":"2023-04-23 14:45:22","Level":"INFO","Path":"D:/project/goori/core/oriSignal/signal.go:16","Name":"[NONE]","Content":"立刻退出程序。信号:[interrupt]"}
{"Time":"2023-04-23 14:46:24","Level":"INFO","Path":"D:/project/goori/core/oriMonitor/monitor.go:34","Name":"[NONE]","Content":"监控服务退出"}
{"Time":"2023-04-23 14:46:24","Level":"INFO","Path":"D:/project/goori/core/oriSignal/signal.go:16","Name":"[NONE]","Content":"立刻退出程序。信号:[interrupt]"}
{"Time":"2023-04-23 14:59:29","Level":"INFO","Path":"D:/project/goori/core/oriMonitor/monitor.go:44","Name":"[NONE]","Content":"{Content:【ori】[ip:172.24.64.1]\r\n内存使用率:63.00 MentionedList:[] MentionedMobileList:[]}"}
{"Time":"2023-04-23 15:00:39","Level":"INFO","Path":"D:/project/goori/core/oriMonitor/monitor.go:44","Name":"[NONE]","Content":"{Content:【ori】[ip:172.24.64.1]\r\n内存使用率:61.00 MentionedList:[] MentionedMobileList:[]}"}
{"Time":"2023-04-23 15:01:36","Level":"INFO","Path":"D:/project/goori/core/oriMonitor/monitor.go:44","Name":"[NONE]","Content":"{Content:【ori】[ip:172.24.64.1]\r\n内存使用率:61.00 MentionedList:[] MentionedMobileList:[]}"}
{"Time":"2023-04-23 15:02:15","Level":"INFO","Path":"D:/project/goori/core/oriMonitor/monitor.go:44","Name":"[NONE]","Content":"{Content:【ori】[ip:172.24.64.1]\r\n内存使用率:61.00 MentionedList:[] MentionedMobileList:[]}"}
{"Time":"2023-04-23 15:02:30","Level":"INFO","Path":"D:/project/goori/core/oriMonitor/monitor.go:44","Name":"[NONE]","Content":"{Content:【ori】[ip:172.24.64.1]\r\n内存使用率:61.00 MentionedList:[] MentionedMobileList:[]}"}
{"Time":"2023-04-23 15:02:59","Level":"INFO","Path":"D:/project/goori/core/oriMonitor/monitor.go:44","Name":"[NONE]","Content":"{Content:【ori】[ip:172.24.64.1]\r\n内存使用率:61.00 MentionedList:[] MentionedMobileList:[]}"}
{"Time":"2023-04-23 15:03:18","Level":"INFO","Path":"D:/project/goori/core/oriMonitor/monitor.go:44","Name":"[NONE]","Content":"{Content:【ori】[ip:172.24.64.1]\r\n内存使用率:61.00 MentionedList:[] MentionedMobileList:[]}"}
{"Time":"2023-04-23 15:03:52","Level":"INFO","Path":"D:/project/goori/core/oriMonitor/monitor.go:44","Name":"[NONE]","Content":"{Content:【ori】[ip:172.24.64.1]\r\n内存使用率:61.00 MentionedList:[] MentionedMobileList:[]}"}
{"Time":"2023-04-23 15:03:59","Level":"INFO","Path":"D:/project/goori/core/oriMonitor/monitor.go:34","Name":"[NONE]","Content":"监控服务退出"}
{"Time":"2023-04-23 15:03:59","Level":"INFO","Path":"D:/project/goori/core/oriSignal/signal.go:16","Name":"[NONE]","Content":"立刻退出程序。信号:[interrupt]"}
{"Time":"2023-04-23 15:04:05","Level":"INFO","Path":"D:/project/goori/core/oriMonitor/monitor.go:34","Name":"[NONE]","Content":"监控服务退出"}
{"Time":"2023-04-23 15:04:05","Level":"INFO","Path":"D:/project/goori/core/oriSignal/signal.go:16","Name":"[NONE]","Content":"立刻退出程序。信号:[interrupt]"}
{"Time":"2023-04-23 15:04:21","Level":"INFO","Path":"D:/project/goori/core/oriMonitor/monitor.go:44","Name":"[NONE]","Content":"{Content:【ori】[ip:172.24.64.1]\r\n内存使用率:62.00 MentionedList:[] MentionedMobileList:[]}"}
{"Time":"2023-04-23 15:04:37","Level":"INFO","Path":"D:/project/goori/core/oriMonitor/monitor.go:44","Name":"[NONE]","Content":"{Content:【ori】[ip:172.24.64.1]\r\n内存使用率:62.00 MentionedList:[] MentionedMobileList:[]}"}
{"Time":"2023-04-23 15:05:28","Level":"INFO","Path":"D:/project/goori/core/oriMonitor/monitor.go:44","Name":"[NONE]","Content":"{Content:【ori】[ip:172.24.64.1]\r\n内存使用率:60.00 MentionedList:[] MentionedMobileList:[]}"}
{"Time":"2023-04-23 15:06:07","Level":"INFO","Path":"D:/project/goori/core/oriMonitor/monitor.go:44","Name":"[NONE]","Content":"{Content:【ori】[ip:172.24.64.1]\r\n内存使用率:60.00 MentionedList:[] MentionedMobileList:[]}"}
{"Time":"2023-04-23 15:06:45","Level":"INFO","Path":"D:/project/goori/core/oriMonitor/monitor.go:44","Name":"[NONE]","Content":"{Content:【ori】[ip:172.24.64.1]\r\n内存使用率:60.00 MentionedList:[] MentionedMobileList:[]}"}
{"Time":"2023-04-23 15:08:16","Level":"INFO","Path":"D:/project/goori/core/oriMonitor/monitor.go:34","Name":"[NONE]","Content":"监控服务退出"}
{"Time":"2023-04-23 15:08:16","Level":"INFO","Path":"D:/project/goori/core/oriSignal/signal.go:16","Name":"[NONE]","Content":"立刻退出程序。信号:[interrupt]"}
{"Time":"2023-04-23 15:08:31","Level":"INFO","Path":"D:/project/goori/core/oriMonitor/monitor.go:44","Name":"[NONE]","Content":"{Content:【ori】[ip:172.24.64.1]\r\n内存使用率:60.00 MentionedList:[] MentionedMobileList:[]}"}
{"Time":"2023-04-23 15:08:44","Level":"INFO","Path":"D:/project/goori/core/oriMonitor/monitor.go:44","Name":"[NONE]","Content":"{Content:【ori】[ip:172.24.64.1]\r\n内存使用率:60.00 MentionedList:[] MentionedMobileList:[]}"}
{"Time":"2023-04-23 15:09:29","Level":"INFO","Path":"D:/project/goori/core/oriMonitor/monitor.go:44","Name":"[NONE]","Content":"{Content:【ori】[ip:172.24.64.1]\r\n内存使用率:61.00 MentionedList:[] MentionedMobileList:[]}"}
{"Time":"2023-04-23 15:09:36","Level":"INFO","Path":"D:/project/goori/core/oriMonitor/monitor.go:44","Name":"[NONE]","Content":"{Content:【ori】[ip:172.24.64.1]\r\n内存使用率:61.00 MentionedList:[] MentionedMobileList:[]}"}
{"Time":"2023-04-23 15:10:17","Level":"INFO","Path":"D:/project/goori/core/oriMonitor/monitor.go:44","Name":"[NONE]","Content":"{Content:【ori】[ip:172.24.64.1]\r\n内存使用率:61.00 MentionedList:[] MentionedMobileList:[]}"}
{"Time":"2023-04-23 15:12:18","Level":"INFO","Path":"D:/project/goori/core/oriMonitor/monitor.go:34","Name":"[NONE]","Content":"监控服务退出"}
{"Time":"2023-04-23 15:12:18","Level":"INFO","Path":"D:/project/goori/core/oriSignal/signal.go:16","Name":"[NONE]","Content":"立刻退出程序。信号:[interrupt]"}
{"Time":"2023-04-23 15:12:32","Level":"INFO","Path":"D:/project/goori/core/oriMonitor/monitor.go:44","Name":"[NONE]","Content":"{Content:【ori】[ip:172.24.64.1]\r\n内存使用率:61.00 MentionedList:[] MentionedMobileList:[]}"}
{"Time":"2023-04-23 15:12:57","Level":"INFO","Path":"D:/project/goori/core/oriMonitor/monitor.go:34","Name":"[NONE]","Content":"监控服务退出"}
{"Time":"2023-04-23 15:12:57","Level":"INFO","Path":"D:/project/goori/core/oriSignal/signal.go:16","Name":"[NONE]","Content":"立刻退出程序。信号:[interrupt]"}
{"Time":"2023-04-23 15:13:35","Level":"INFO","Path":"D:/project/goori/core/oriMonitor/monitor.go:44","Name":"[NONE]","Content":"{Content:【ori】[ip:172.24.64.1]\r\n内存使用率:62.00 MentionedList:[] MentionedMobileList:[]}"}
{"Time":"2023-04-23 15:13:40","Level":"INFO","Path":"D:/project/goori/core/oriMonitor/monitor.go:44","Name":"[NONE]","Content":"{Content:【ori】[ip:172.24.64.1]\r\n内存使用率:62.00 MentionedList:[] MentionedMobileList:[]}"}
{"Time":"2023-04-23 15:14:03","Level":"INFO","Path":"D:/project/goori/core/oriMonitor/monitor.go:44","Name":"[NONE]","Content":"{Content:【ori】[ip:172.24.64.1]\r\n内存使用率:62.00 MentionedList:[] MentionedMobileList:[]}"}
{"Time":"2023-04-23 15:19:20","Level":"INFO","Path":"D:/project/goori/core/oriMonitor/monitor.go:44","Name":"[NONE]","Content":"{Content:【ori】[ip:172.24.64.1]\r\n内存使用率:62.00 MentionedList:[] MentionedMobileList:[]}"}
{"Time":"2023-04-23 15:19:24","Level":"INFO","Path":"D:/project/goori/core/oriMonitor/monitor.go:44","Name":"[NONE]","Content":"{Content:【ori】[ip:172.24.64.1]\r\n内存使用率:62.00 MentionedList:[] MentionedMobileList:[]}"}
{"Time":"2023-04-23 15:25:35","Level":"INFO","Path":"D:/project/goori/core/oriMonitor/monitor.go:44","Name":"[NONE]","Content":"{Content:【ori】[ip:172.24.64.1]\r\n内存使用率:63.00 MentionedList:[] MentionedMobileList:[]}"}
{"Time":"2023-04-23 15:46:39","Level":"INFO","Path":"D:/project/goori/core/oriMonitor/monitor.go:44","Name":"[NONE]","Content":"{Content:【ori】[ip:172.24.64.1]\r\n内存使用率:62.00 MentionedList:[] MentionedMobileList:[]}"}
{"Time":"2023-04-23 15:46:39","Level":"INFO","Path":"D:/project/goori/core/oriMonitor/monitor.go:34","Name":"[NONE]","Content":"监控服务退出"}
{"Time":"2023-04-23 15:47:46","Level":"INFO","Path":"D:/project/goori/core/oriMonitor/monitor.go:34","Name":"[NONE]","Content":"监控服务退出"}
{"Time":"2023-04-23 15:49:33","Level":"INFO","Path":"D:/project/goori/core/oriMonitor/monitor.go:34","Name":"[NONE]","Content":"监控服务退出"}
{"Time":"2023-04-23 16:01:35","Level":"INFO","Path":"D:/project/goori/core/oriMonitor/monitor.go:44","Name":"[NONE]","Content":"{Content:【ori】[ip:172.24.64.1]\r\n内存使用率:62.00 MentionedList:[] MentionedMobileList:[]}"}
{"Time":"2023-04-23 16:01:36","Level":"INFO","Path":"D:/project/goori/core/oriMonitor/monitor.go:34","Name":"[NONE]","Content":"监控服务退出"}
{"Time":"2023-04-23 16:02:24","Level":"INFO","Path":"D:/project/goori/core/oriMonitor/monitor.go:44","Name":"[NONE]","Content":"{Content:【ori】[ip:172.24.64.1]\r\n内存使用率:62.00 MentionedList:[] MentionedMobileList:[]}"}
{"Time":"2023-04-23 16:02:26","Level":"INFO","Path":"D:/project/goori/core/oriMonitor/monitor.go:34","Name":"[NONE]","Content":"监控服务退出"}
{"Time":"2023-04-23 16:03:03","Level":"INFO","Path":"D:/project/goori/core/oriMonitor/monitor.go:44","Name":"[NONE]","Content":"{Content:【ori】[ip:172.24.64.1]\r\n内存使用率:62.00 MentionedList:[] MentionedMobileList:[]}"}
{"Time":"2023-04-23 16:03:03","Level":"INFO","Path":"D:/project/goori/core/oriMonitor/monitor.go:34","Name":"[NONE]","Content":"监控服务退出"}
{"Time":"2023-04-23 16:17:51","Level":"INFO","Path":"D:/project/goori/core/oriMonitor/monitor.go:34","Name":"[NONE]","Content":"监控服务退出"}
{"Time":"2023-04-23 16:19:44","Level":"INFO","Path":"D:/project/goori/core/oriMonitor/monitor.go:34","Name":"[NONE]","Content":"监控服务退出"}
{"Time":"2023-04-23 16:20:38","Level":"INFO","Path":"D:/project/goori/core/oriMonitor/monitor.go:34","Name":"[NONE]","Content":"监控服务退出"}
{"Time":"2023-04-23 16:20:50","Level":"INFO","Path":"D:/project/goori/core/oriSignal/signal.go:16","Name":"[NONE]","Content":"立刻退出程序。信号:[interrupt]"}
{"Time":"2023-04-23 16:21:50","Level":"INFO","Path":"D:/project/goori/core/oriMonitor/monitor.go:44","Name":"[NONE]","Content":"{Content:【ori】[ip:172.24.64.1]\r\n内存使用率:62.00 MentionedList:[] MentionedMobileList:[]}"}
{"Time":"2023-04-23 16:21:50","Level":"INFO","Path":"D:/project/goori/core/oriMonitor/monitor.go:34","Name":"[NONE]","Content":"监控服务退出"}
{"Time":"2023-04-23 16:21:56","Level":"INFO","Path":"D:/project/goori/core/oriSignal/signal.go:16","Name":"[NONE]","Content":"立刻退出程序。信号:[interrupt]"}
{"Time":"2023-04-23 16:23:19","Level":"INFO","Path":"D:/project/goori/core/oriMonitor/monitor.go:34","Name":"[NONE]","Content":"监控服务退出"}
{"Time":"2023-04-23 16:23:23","Level":"INFO","Path":"D:/project/goori/core/oriSignal/signal.go:16","Name":"[NONE]","Content":"立刻退出程序。信号:[interrupt]"}
{"Time":"2023-04-23 16:29:24","Level":"INFO","Path":"D:/project/goori/core/oriMonitor/monitor.go:34","Name":"[NONE]","Content":"监控服务退出"}
{"Time":"2023-04-23 16:29:25","Level":"INFO","Path":"D:/project/goori/core/oriSignal/signal.go:16","Name":"[NONE]","Content":"立刻退出程序。信号:[interrupt]"}
{"Time":"2023-04-23 16:31:38","Level":"INFO","Path":"D:/project/goori/core/oriMonitor/monitor.go:34","Name":"[NONE]","Content":"监控服务退出"}
{"Time":"2023-04-23 16:31:38","Level":"INFO","Path":"D:/project/goori/core/oriSignal/signal.go:16","Name":"[NONE]","Content":"立刻退出程序。信号:[interrupt]"}
{"Time":"2023-04-23 16:32:59","Level":"INFO","Path":"D:/project/goori/core/oriMonitor/monitor.go:34","Name":"[NONE]","Content":"监控服务退出"}
{"Time":"2023-04-23 16:32:59","Level":"INFO","Path":"D:/project/goori/core/oriSignal/signal.go:16","Name":"[NONE]","Content":"立刻退出程序。信号:[interrupt]"}
{"Time":"2023-04-23 16:33:59","Level":"INFO","Path":"D:/project/goori/core/oriMonitor/monitor.go:34","Name":"[NONE]","Content":"监控服务退出"}
{"Time":"2023-04-23 16:34:33","Level":"INFO","Path":"D:/project/goori/core/oriMonitor/monitor.go:34","Name":"[NONE]","Content":"监控服务退出"}
{"Time":"2023-04-23 16:37:00","Level":"INFO","Path":"D:/project/goori/core/oriMonitor/monitor.go:34","Name":"[NONE]","Content":"监控服务退出"}
{"Time":"2023-04-23 16:38:00","Level":"INFO","Path":"D:/project/goori/core/oriMonitor/monitor.go:34","Name":"[NONE]","Content":"监控服务退出"}
{"Time":"2023-04-23 16:39:13","Level":"INFO","Path":"D:/project/goori/core/oriMonitor/monitor.go:44","Name":"[NONE]","Content":"{Content:【ori】[ip:172.24.64.1]\r\n内存使用率:63.00 MentionedList:[] MentionedMobileList:[]}"}
{"Time":"2023-04-23 16:39:20","Level":"INFO","Path":"D:/project/goori/core/oriMonitor/monitor.go:34","Name":"[NONE]","Content":"监控服务退出"}
{"Time":"2023-04-23 16:42:29","Level":"INFO","Path":"D:/project/goori/core/oriMonitor/monitor.go:34","Name":"[NONE]","Content":"监控服务退出"}
{"Time":"2023-04-23 16:43:51","Level":"INFO","Path":"D:/project/goori/core/oriMonitor/monitor.go:44","Name":"[NONE]","Content":"{Content:【ori】[ip:172.24.64.1]\r\n内存使用率:63.00 MentionedList:[] MentionedMobileList:[]}"}
{"Time":"2023-04-23 16:43:51","Level":"INFO","Path":"D:/project/goori/core/oriMonitor/monitor.go:34","Name":"[NONE]","Content":"监控服务退出"}
{"Time":"2023-04-23 16:45:09","Level":"INFO","Path":"D:/project/goori/core/oriMonitor/monitor.go:34","Name":"[NONE]","Content":"监控服务退出"}
{"Time":"2023-04-23 16:46:31","Level":"INFO","Path":"D:/project/goori/core/oriMonitor/monitor.go:34","Name":"[NONE]","Content":"监控服务退出"}
{"Time":"2023-04-23 16:46:40","Level":"INFO","Path":"D:/project/goori/core/oriSignal/signal.go:16","Name":"[NONE]","Content":"立刻退出程序。信号:[interrupt]"}
{"Time":"2023-04-23 16:46:49","Level":"INFO","Path":"D:/project/goori/core/oriMonitor/monitor.go:34","Name":"[NONE]","Content":"监控服务退出"}
{"Time":"2023-04-23 16:46:50","Level":"INFO","Path":"D:/project/goori/core/oriSignal/signal.go:16","Name":"[NONE]","Content":"立刻退出程序。信号:[interrupt]"}
{"Time":"2023-04-23 16:46:57","Level":"INFO","Path":"D:/project/goori/core/oriMonitor/monitor.go:34","Name":"[NONE]","Content":"监控服务退出"}
{"Time":"2023-04-23 16:46:58","Level":"INFO","Path":"D:/project/goori/core/oriSignal/signal.go:16","Name":"[NONE]","Content":"立刻退出程序。信号:[interrupt]"}
{"Time":"2023-04-23 16:47:25","Level":"INFO","Path":"D:/project/goori/core/oriMonitor/monitor.go:34","Name":"[NONE]","Content":"监控服务退出"}
{"Time":"2023-04-23 16:47:25","Level":"INFO","Path":"D:/project/goori/core/oriSignal/signal.go:16","Name":"[NONE]","Content":"立刻退出程序。信号:[interrupt]"}
{"Time":"2023-04-23 16:47:35","Level":"INFO","Path":"D:/project/goori/core/oriMonitor/monitor.go:34","Name":"[NONE]","Content":"监控服务退出"}
{"Time":"2023-04-23 16:47:36","Level":"INFO","Path":"D:/project/goori/core/oriSignal/signal.go:16","Name":"[NONE]","Content":"立刻退出程序。信号:[interrupt]"}
{"Time":"2023-04-23 16:47:55","Level":"INFO","Path":"D:/project/goori/core/oriMonitor/monitor.go:34","Name":"[NONE]","Content":"监控服务退出"}
{"Time":"2023-04-23 16:47:56","Level":"INFO","Path":"D:/project/goori/core/oriSignal/signal.go:16","Name":"[NONE]","Content":"立刻退出程序。信号:[interrupt]"}
{"Time":"2023-04-23 16:48:45","Level":"INFO","Path":"D:/project/goori/core/oriMonitor/monitor.go:34","Name":"[NONE]","Content":"监控服务退出"}
{"Time":"2023-04-23 16:48:45","Level":"INFO","Path":"D:/project/goori/core/oriSignal/signal.go:16","Name":"[NONE]","Content":"立刻退出程序。信号:[interrupt]"}
{"Time":"2023-04-23 16:49:16","Level":"INFO","Path":"D:/project/goori/core/oriMonitor/monitor.go:34","Name":"[NONE]","Content":"监控服务退出"}
{"Time":"2023-04-23 16:50:34","Level":"INFO","Path":"D:/project/goori/core/oriMonitor/monitor.go:44","Name":"[NONE]","Content":"{Content:【ori】[ip:172.24.64.1]\r\n内存使用率:63.00 MentionedList:[] MentionedMobileList:[]}"}
{"Time":"2023-04-23 16:50:44","Level":"INFO","Path":"D:/project/goori/core/oriMonitor/monitor.go:34","Name":"[NONE]","Content":"监控服务退出"}
{"Time":"2023-04-23 16:51:12","Level":"INFO","Path":"D:/project/goori/core/oriMonitor/monitor.go:44","Name":"[NONE]","Content":"{Content:【ori】[ip:172.24.64.1]\r\n内存使用率:63.00 MentionedList:[] MentionedMobileList:[]}"}
{"Time":"2023-04-23 16:51:20","Level":"INFO","Path":"D:/project/goori/core/oriMonitor/monitor.go:34","Name":"[NONE]","Content":"监控服务退出"}
{"Time":"2023-04-23 16:52:21","Level":"INFO","Path":"D:/project/goori/core/oriMonitor/monitor.go:34","Name":"[NONE]","Content":"监控服务退出"}
{"Time":"2023-04-23 16:52:52","Level":"INFO","Path":"D:/project/goori/core/oriMonitor/monitor.go:34","Name":"[NONE]","Content":"监控服务退出"}
{"Time":"2023-04-23 16:53:28","Level":"INFO","Path":"D:/project/goori/core/oriMonitor/monitor.go:34","Name":"[NONE]","Content":"监控服务退出"}
{"Time":"2023-04-23 16:57:05","Level":"INFO","Path":"D:/project/goori/core/oriMonitor/monitor.go:34","Name":"[NONE]","Content":"监控服务退出"}
{"Time":"2023-04-23 17:00:09","Level":"INFO","Path":"D:/project/goori/core/oriMonitor/monitor.go:34","Name":"[NONE]","Content":"监控服务退出"}
{"Time":"2023-04-23 17:00:32","Level":"INFO","Path":"D:/project/goori/core/oriMonitor/monitor.go:34","Name":"[NONE]","Content":"监控服务退出"}
{"Time":"2023-04-23 17:01:14","Level":"INFO","Path":"D:/project/goori/core/oriMonitor/monitor.go:34","Name":"[NONE]","Content":"监控服务退出"}
{"Time":"2023-04-23 17:01:58","Level":"INFO","Path":"D:/project/goori/core/oriMonitor/monitor.go:34","Name":"[NONE]","Content":"监控服务退出"}
{"Time":"2023-04-23 17:02:22","Level":"INFO","Path":"D:/project/goori/core/oriMonitor/monitor.go:34","Name":"[NONE]","Content":"监控服务退出"}
{"Time":"2023-04-23 17:02:22","Level":"INFO","Path":"D:/project/goori/core/oriSignal/signal.go:16","Name":"[NONE]","Content":"立刻退出程序。信号:[interrupt]"}
{"Time":"2023-04-23 17:02:54","Level":"INFO","Path":"D:/project/goori/core/oriMonitor/monitor.go:34","Name":"[NONE]","Content":"监控服务退出"}
{"Time":"2023-04-23 17:03:13","Level":"INFO","Path":"D:/project/goori/core/oriMonitor/monitor.go:44","Name":"[NONE]","Content":"{Content:【ori】[ip:172.24.64.1]\r\n内存使用率:63.00 MentionedList:[] MentionedMobileList:[]}"}
{"Time":"2023-04-23 17:03:14","Level":"INFO","Path":"D:/project/goori/core/oriMonitor/monitor.go:34","Name":"[NONE]","Content":"监控服务退出"}
{"Time":"2023-04-23 17:03:14","Level":"INFO","Path":"D:/project/goori/core/oriSignal/signal.go:16","Name":"[NONE]","Content":"立刻退出程序。信号:[interrupt]"}
{"Time":"2023-04-23 17:03:38","Level":"INFO","Path":"D:/project/goori/core/oriMonitor/monitor.go:34","Name":"[NONE]","Content":"监控服务退出"}
{"Time":"2023-04-23 17:03:39","Level":"INFO","Path":"D:/project/goori/core/oriSignal/signal.go:16","Name":"[NONE]","Content":"立刻退出程序。信号:[interrupt]"}
{"Time":"2023-04-23 17:03:48","Level":"INFO","Path":"D:/project/goori/core/oriMonitor/monitor.go:44","Name":"[NONE]","Content":"{Content:【ori】[ip:172.24.64.1]\r\n内存使用率:63.00 MentionedList:[] MentionedMobileList:[]}"}
{"Time":"2023-04-23 17:03:51","Level":"INFO","Path":"D:/project/goori/core/oriMonitor/monitor.go:34","Name":"[NONE]","Content":"监控服务退出"}
{"Time":"2023-04-23 17:03:51","Level":"INFO","Path":"D:/project/goori/core/oriSignal/signal.go:16","Name":"[NONE]","Content":"立刻退出程序。信号:[interrupt]"}
{"Time":"2023-04-23 17:04:29","Level":"INFO","Path":"D:/project/goori/core/oriMonitor/monitor.go:34","Name":"[NONE]","Content":"监控服务退出"}
{"Time":"2023-04-23 17:04:29","Level":"INFO","Path":"D:/project/goori/core/oriSignal/signal.go:16","Name":"[NONE]","Content":"立刻退出程序。信号:[interrupt]"}
{"Time":"2023-04-23 17:05:45","Level":"INFO","Path":"D:/project/goori/core/oriMonitor/monitor.go:44","Name":"[NONE]","Content":"{Content:【ori】[ip:172.24.64.1]\r\n内存使用率:63.00 MentionedList:[] MentionedMobileList:[]}"}
{"Time":"2023-04-23 17:05:46","Level":"INFO","Path":"D:/project/goori/core/oriMonitor/monitor.go:34","Name":"[NONE]","Content":"监控服务退出"}
{"Time":"2023-04-23 17:05:46","Level":"INFO","Path":"D:/project/goori/core/oriSignal/signal.go:16","Name":"[NONE]","Content":"立刻退出程序。信号:[interrupt]"}
{"Time":"2023-04-23 17:06:22","Level":"INFO","Path":"D:/project/goori/core/oriMonitor/monitor.go:44","Name":"[NONE]","Content":"{Content:【ori】[ip:172.24.64.1]\r\n内存使用率:63.00 MentionedList:[] MentionedMobileList:[]}"}
{"Time":"2023-04-23 17:06:41","Level":"INFO","Path":"D:/project/goori/core/oriMonitor/monitor.go:44","Name":"[NONE]","Content":"{Content:【ori】[ip:172.24.64.1]\r\n内存使用率:63.00 MentionedList:[] MentionedMobileList:[]}"}
{"Time":"2023-04-23 17:06:44","Level":"INFO","Path":"D:/project/goori/core/oriMonitor/monitor.go:34","Name":"[NONE]","Content":"监控服务退出"}
{"Time":"2023-04-23 17:06:45","Level":"INFO","Path":"D:/project/goori/core/oriSignal/signal.go:16","Name":"[NONE]","Content":"立刻退出程序。信号:[interrupt]"}
{"Time":"2023-04-23 17:07:04","Level":"INFO","Path":"D:/project/goori/core/oriMonitor/monitor.go:44","Name":"[NONE]","Content":"{Content:【ori】[ip:172.24.64.1]\r\n内存使用率:63.00 MentionedList:[] MentionedMobileList:[]}"}
{"Time":"2023-04-23 17:07:08","Level":"INFO","Path":"D:/project/goori/core/oriMonitor/monitor.go:34","Name":"[NONE]","Content":"监控服务退出"}
{"Time":"2023-04-23 17:07:08","Level":"INFO","Path":"D:/project/goori/core/oriSignal/signal.go:16","Name":"[NONE]","Content":"立刻退出程序。信号:[interrupt]"}
{"Time":"2023-04-23 17:07:21","Level":"INFO","Path":"D:/project/goori/core/oriMonitor/monitor.go:34","Name":"[NONE]","Content":"监控服务退出"}
{"Time":"2023-04-23 17:07:21","Level":"INFO","Path":"D:/project/goori/core/oriSignal/signal.go:16","Name":"[NONE]","Content":"立刻退出程序。信号:[interrupt]"}
{"Time":"2023-04-23 17:16:52","Level":"INFO","Path":"D:/project/goori/core/oriMonitor/monitor.go:34","Name":"[NONE]","Content":"监控服务退出"}
{"Time":"2023-04-23 17:16:52","Level":"INFO","Path":"D:/project/goori/core/oriSignal/signal.go:16","Name":"[NONE]","Content":"立刻退出程序。信号:[interrupt]"}
{"Time":"2023-04-23 17:17:57","Level":"INFO","Path":"D:/project/goori/core/oriMonitor/monitor.go:34","Name":"[NONE]","Content":"监控服务退出"}
{"Time":"2023-04-23 17:23:55","Level":"INFO","Path":"D:/project/goori/core/oriMonitor/monitor.go:34","Name":"[NONE]","Content":"监控服务退出"}
{"Time":"2023-04-23 17:24:31","Level":"INFO","Path":"D:/project/goori/core/oriMonitor/monitor.go:34","Name":"[NONE]","Content":"监控服务退出"}
{"Time":"2023-04-23 17:24:51","Level":"INFO","Path":"D:/project/goori/core/oriMonitor/monitor.go:34","Name":"[NONE]","Content":"监控服务退出"}
{"Time":"2023-04-23 17:24:52","Level":"INFO","Path":"D:/project/goori/core/oriSignal/signal.go:16","Name":"[NONE]","Content":"立刻退出程序。信号:[interrupt]"}
{"Time":"2023-04-23 17:27:08","Level":"INFO","Path":"D:/project/goori/core/oriMonitor/monitor.go:34","Name":"[NONE]","Content":"监控服务退出"}
{"Time":"2023-04-23 17:28:30","Level":"INFO","Path":"D:/project/goori/core/oriMonitor/monitor.go:34","Name":"[NONE]","Content":"监控服务退出"}
{"Time":"2023-04-23 17:28:32","Level":"INFO","Path":"D:/project/goori/core/oriSignal/signal.go:16","Name":"[NONE]","Content":"立刻退出程序。信号:[interrupt]"}
{"Time":"2023-04-23 17:29:16","Level":"INFO","Path":"D:/project/goori/core/oriMonitor/monitor.go:34","Name":"[NONE]","Content":"监控服务退出"}
{"Time":"2023-04-23 17:29:58","Level":"INFO","Path":"D:/project/goori/core/oriMonitor/monitor.go:34","Name":"[NONE]","Content":"监控服务退出"}
{"Time":"2023-04-23 17:30:17","Level":"INFO","Path":"D:/project/goori/core/oriMonitor/monitor.go:44","Name":"[NONE]","Content":"{Content:【ori】[ip:172.24.64.1]\r\n内存使用率:62.00 MentionedList:[] MentionedMobileList:[]}"}
{"Time":"2023-04-23 17:30:20","Level":"INFO","Path":"D:/project/goori/core/oriMonitor/monitor.go:34","Name":"[NONE]","Content":"监控服务退出"}
{"Time":"2023-04-23 17:30:20","Level":"INFO","Path":"D:/project/goori/core/oriSignal/signal.go:16","Name":"[NONE]","Content":"立刻退出程序。信号:[interrupt]"}
{"Time":"2023-04-23 17:31:17","Level":"INFO","Path":"D:/project/goori/core/oriMonitor/monitor.go:34","Name":"[NONE]","Content":"监控服务退出"}
{"Time":"2023-04-23 17:31:17","Level":"INFO","Path":"D:/project/goori/core/oriSignal/signal.go:16","Name":"[NONE]","Content":"立刻退出程序。信号:[interrupt]"}
{"Time":"2023-04-23 17:49:54","Level":"INFO","Path":"D:/project/goori/core/oriMonitor/monitor.go:34","Name":"[NONE]","Content":"监控服务退出"}
{"Time":"2023-04-23 17:49:55","Level":"INFO","Path":"D:/project/goori/core/oriSignal/signal.go:16","Name":"[NONE]","Content":"立刻退出程序。信号:[interrupt]"}
{"Time":"2023-04-23 17:52:02","Level":"INFO","Path":"D:/project/goori/core/oriMonitor/monitor.go:34","Name":"[NONE]","Content":"监控服务退出"}
{"Time":"2023-04-23 17:52:03","Level":"INFO","Path":"D:/project/goori/core/oriSignal/signal.go:16","Name":"[NONE]","Content":"立刻退出程序。信号:[interrupt]"}
{"Time":"2023-04-23 17:52:19","Level":"INFO","Path":"D:/project/goori/core/oriMonitor/monitor.go:34","Name":"[NONE]","Content":"监控服务退出"}
{"Time":"2023-04-23 17:55:38","Level":"INFO","Path":"D:/project/goori/core/oriMonitor/monitor.go:34","Name":"[NONE]","Content":"监控服务退出"}
{"Time":"2023-04-23 17:57:22","Level":"INFO","Path":"D:/project/goori/core/oriMonitor/monitor.go:34","Name":"[NONE]","Content":"监控服务退出"}
{"Time":"2023-04-23 17:57:23","Level":"INFO","Path":"D:/project/goori/core/oriSignal/signal.go:16","Name":"[NONE]","Content":"立刻退出程序。信号:[interrupt]"}
{"Time":"2023-04-23 17:58:12","Level":"INFO","Path":"D:/project/goori/core/oriMonitor/monitor.go:34","Name":"[NONE]","Content":"监控服务退出"}
{"Time":"2023-04-23 17:59:36","Level":"INFO","Path":"D:/project/goori/core/oriMonitor/monitor.go:34","Name":"[NONE]","Content":"监控服务退出"}
{"Time":"2023-04-23 17:59:38","Level":"INFO","Path":"D:/project/goori/core/oriSignal/signal.go:16","Name":"[NONE]","Content":"立刻退出程序。信号:[interrupt]"}
{"Time":"2023-04-23 18:08:30","Level":"INFO","Path":"D:/project/goori/core/oriMonitor/monitor.go:34","Name":"[NONE]","Content":"监控服务退出"}
{"Time":"2023-04-23 18:08:49","Level":"INFO","Path":"D:/project/goori/core/oriMonitor/monitor.go:44","Name":"[NONE]","Content":"{Content:【ori】[ip:172.24.64.1]\r\n内存使用率:64.00 MentionedList:[] MentionedMobileList:[]}"}
{"Time":"2023-04-23 18:08:50","Level":"INFO","Path":"D:/project/goori/core/oriMonitor/monitor.go:34","Name":"[NONE]","Content":"监控服务退出"}
{"Time":"2023-04-23 18:08:52","Level":"INFO","Path":"D:/project/goori/core/oriSignal/signal.go:16","Name":"[NONE]","Content":"立刻退出程序。信号:[interrupt]"}
{"Time":"2023-04-23 18:09:07","Level":"INFO","Path":"D:/project/goori/core/oriMonitor/monitor.go:34","Name":"[NONE]","Content":"监控服务退出"}
{"Time":"2023-04-23 18:09:08","Level":"INFO","Path":"D:/project/goori/core/oriSignal/signal.go:16","Name":"[NONE]","Content":"立刻退出程序。信号:[interrupt]"}
{"Time":"2023-04-23 18:09:56","Level":"INFO","Path":"D:/project/goori/core/oriMonitor/monitor.go:44","Name":"[NONE]","Content":"{Content:【ori】[ip:172.24.64.1]\r\n内存使用率:64.00 MentionedList:[] MentionedMobileList:[]}"}
{"Time":"2023-04-23 18:10:02","Level":"INFO","Path":"D:/project/goori/core/oriMonitor/monitor.go:44","Name":"[NONE]","Content":"{Content:【ori】[ip:172.24.64.1]\r\n内存使用率:64.00 MentionedList:[] MentionedMobileList:[]}"}
{"Time":"2023-04-23 18:10:02","Level":"INFO","Path":"D:/project/goori/core/oriMonitor/monitor.go:34","Name":"[NONE]","Content":"监控服务退出"}
{"Time":"2023-04-23 18:10:04","Level":"INFO","Path":"D:/project/goori/core/oriSignal/signal.go:16","Name":"[NONE]","Content":"立刻退出程序。信号:[interrupt]"}
{"Time":"2023-04-23 18:10:21","Level":"INFO","Path":"D:/project/goori/core/oriMonitor/monitor.go:44","Name":"[NONE]","Content":"{Content:【ori】[ip:172.24.64.1]\r\n内存使用率:64.00 MentionedList:[] MentionedMobileList:[]}"}
{"Time":"2023-04-23 18:10:23","Level":"INFO","Path":"D:/project/goori/core/oriMonitor/monitor.go:34","Name":"[NONE]","Content":"监控服务退出"}
{"Time":"2023-04-23 18:10:30","Level":"INFO","Path":"D:/project/goori/core/oriSignal/signal.go:16","Name":"[NONE]","Content":"立刻退出程序。信号:[interrupt]"}
{"Time":"2023-04-23 18:10:41","Level":"INFO","Path":"D:/project/goori/core/oriMonitor/monitor.go:44","Name":"[NONE]","Content":"{Content:【ori】[ip:172.24.64.1]\r\n内存使用率:64.00 MentionedList:[] MentionedMobileList:[]}"}
{"Time":"2023-04-23 18:10:45","Level":"INFO","Path":"D:/project/goori/core/oriMonitor/monitor.go:34","Name":"[NONE]","Content":"监控服务退出"}
{"Time":"2023-04-23 18:10:46","Level":"INFO","Path":"D:/project/goori/core/oriSignal/signal.go:16","Name":"[NONE]","Content":"立刻退出程序。信号:[interrupt]"}
{"Time":"2023-04-23 18:10:55","Level":"INFO","Path":"D:/project/goori/core/oriMonitor/monitor.go:44","Name":"[NONE]","Content":"{Content:【ori】[ip:172.24.64.1]\r\n内存使用率:64.00 MentionedList:[] MentionedMobileList:[]}"}
{"Time":"2023-04-23 18:10:59","Level":"INFO","Path":"D:/project/goori/core/oriMonitor/monitor.go:34","Name":"[NONE]","Content":"监控服务退出"}
{"Time":"2023-04-23 18:11:01","Level":"INFO","Path":"D:/project/goori/core/oriSignal/signal.go:16","Name":"[NONE]","Content":"立刻退出程序。信号:[interrupt]"}
{"Time":"2023-04-23 18:11:09","Level":"INFO","Path":"D:/project/goori/core/oriMonitor/monitor.go:44","Name":"[NONE]","Content":"{Content:【ori】[ip:172.24.64.1]\r\n内存使用率:64.00 MentionedList:[] MentionedMobileList:[]}"}
{"Time":"2023-04-23 18:11:10","Level":"INFO","Path":"D:/project/goori/core/oriMonitor/monitor.go:34","Name":"[NONE]","Content":"监控服务退出"}
{"Time":"2023-04-23 18:11:12","Level":"INFO","Path":"D:/project/goori/core/oriSignal/signal.go:16","Name":"[NONE]","Content":"立刻退出程序。信号:[interrupt]"}
{"Time":"2023-04-23 18:11:24","Level":"INFO","Path":"D:/project/goori/core/oriMonitor/monitor.go:44","Name":"[NONE]","Content":"{Content:【ori】[ip:172.24.64.1]\r\n内存使用率:64.00 MentionedList:[] MentionedMobileList:[]}"}
{"Time":"2023-04-23 18:11:30","Level":"INFO","Path":"D:/project/goori/core/oriMonitor/monitor.go:34","Name":"[NONE]","Content":"监控服务退出"}
{"Time":"2023-04-23 18:11:34","Level":"INFO","Path":"D:/project/goori/core/oriSignal/signal.go:16","Name":"[NONE]","Content":"立刻退出程序。信号:[interrupt]"}
{"Time":"2023-04-23 18:11:42","Level":"INFO","Path":"D:/project/goori/core/oriMonitor/monitor.go:34","Name":"[NONE]","Content":"监控服务退出"}
{"Time":"2023-04-23 18:11:43","Level":"INFO","Path":"D:/project/goori/core/oriSignal/signal.go:16","Name":"[NONE]","Content":"立刻退出程序。信号:[interrupt]"}
{"Time":"2023-04-23 18:11:43","Level":"INFO","Path":"D:/project/goori/core/oriMonitor/monitor.go:44","Name":"[NONE]","Content":"{Content:【ori】[ip:172.24.64.1]\r\n内存使用率:64.00 MentionedList:[] MentionedMobileList:[]}"}
{"Time":"2023-04-23 18:11:51","Level":"INFO","Path":"D:/project/goori/core/oriMonitor/monitor.go:44","Name":"[NONE]","Content":"{Content:【ori】[ip:172.24.64.1]\r\n内存使用率:64.00 MentionedList:[] MentionedMobileList:[]}"}
{"Time":"2023-04-23 18:11:52","Level":"INFO","Path":"D:/project/goori/core/oriMonitor/monitor.go:34","Name":"[NONE]","Content":"监控服务退出"}
{"Time":"2023-04-23 18:11:53","Level":"INFO","Path":"D:/project/goori/core/oriSignal/signal.go:16","Name":"[NONE]","Content":"立刻退出程序。信号:[interrupt]"}
{"Time":"2023-04-23 18:20:41","Level":"INFO","Path":"D:/project/goori/core/oriMonitor/monitor.go:44","Name":"[NONE]","Content":"{Content:【ori】[ip:172.24.64.1]\r\n内存使用率:64.00 MentionedList:[] MentionedMobileList:[]}"}
{"Time":"2023-04-23 18:21:09","Level":"INFO","Path":"D:/project/goori/core/oriMonitor/monitor.go:34","Name":"[NONE]","Content":"监控服务退出"}
{"Time":"2023-04-23 18:21:09","Level":"INFO","Path":"D:/project/goori/core/oriSignal/signal.go:16","Name":"[NONE]","Content":"立刻退出程序。信号:[interrupt]"}
{"Time":"2023-04-23 18:21:18","Level":"INFO","Path":"D:/project/goori/core/oriMonitor/monitor.go:44","Name":"[NONE]","Content":"{Content:【ori】[ip:172.24.64.1]\r\n内存使用率:64.00 MentionedList:[] MentionedMobileList:[]}"}
{"Time":"2023-04-23 18:21:55","Level":"INFO","Path":"D:/project/goori/core/oriMonitor/monitor.go:34","Name":"[NONE]","Content":"监控服务退出"}
{"Time":"2023-04-23 18:21:55","Level":"INFO","Path":"D:/project/goori/core/oriSignal/signal.go:16","Name":"[NONE]","Content":"立刻退出程序。信号:[interrupt]"}
{"Time":"2023-04-23 18:22:17","Level":"INFO","Path":"D:/project/goori/core/oriMonitor/monitor.go:34","Name":"[NONE]","Content":"监控服务退出"}
{"Time":"2023-04-23 18:22:39","Level":"INFO","Path":"D:/project/goori/core/oriMonitor/monitor.go:44","Name":"[NONE]","Content":"{Content:【ori】[ip:172.24.64.1]\r\n内存使用率:63.00 MentionedList:[] MentionedMobileList:[]}"}
{"Time":"2023-04-23 18:22:53","Level":"INFO","Path":"D:/project/goori/core/oriMonitor/monitor.go:34","Name":"[NONE]","Content":"监控服务退出"}
{"Time":"2023-04-23 18:22:53","Level":"INFO","Path":"D:/project/goori/core/oriSignal/signal.go:16","Name":"[NONE]","Content":"立刻退出程序。信号:[interrupt]"}
{"Time":"2023-04-23 18:26:24","Level":"INFO","Path":"D:/project/gokit/ori/app/http/service.go:53","Name":"[NONE]","Content":"正常启动-[监听信号]"}
{"Time":"2023-04-23 18:26:28","Level":"INFO","Path":"D:/project/gokit/ori/core/oriMonitor/monitor.go:44","Name":"[NONE]","Content":"{Content:【ori】[ip:172.24.64.1]\r\n内存使用率:67.00 MentionedList:[] MentionedMobileList:[]}"}
{"Time":"2023-04-23 18:26:30","Level":"INFO","Path":"D:/project/gokit/ori/core/oriMonitor/monitor.go:34","Name":"[NONE]","Content":"监控服务退出"}
{"Time":"2023-04-23 18:26:30","Level":"INFO","Path":"D:/project/gokit/ori/app/http/service.go:73","Name":"[NONE]","Content":"http服务退出"}
{"Time":"2023-04-23 18:26:30","Level":"INFO","Path":"D:/project/gokit/ori/core/oriSignal/signal.go:16","Name":"[NONE]","Content":"立刻退出程序。信号:[interrupt]"}
{"Time":"2023-04-25 11:46:34","Level":"INFO","Path":"D:/project/gokit/ori/app/http/service.go:53","Name":"[NONE]","Content":"正常启动-[监听信号]"}
{"Time":"2023-04-25 11:46:37","Level":"INFO","Path":"D:/project/gokit/ori/app/http/service.go:73","Name":"[NONE]","Content":"http服务退出"}
{"Time":"2023-04-25 11:46:38","Level":"INFO","Path":"D:/project/gokit/ori/core/oriMonitor/monitor.go:34","Name":"[NONE]","Content":"监控服务退出"}
{"Time":"2023-04-25 11:46:38","Level":"INFO","Path":"D:/project/gokit/ori/core/oriSignal/signal.go:16","Name":"[NONE]","Content":"立刻退出程序。信号:[interrupt]"}
